#
# A fatal error has been detected by the Java Runtime Environment:
#
#  SIGSEGV (0xb) at pc=0xb665ce48, pid=18711, tid=18742
#
# JRE version: OpenJDK Runtime Environment (9.0) (build 9-internal+0-2016-04-14-195526.buildd.src)
# Java VM: OpenJDK Server VM (9-internal+0-2016-04-14-195526.buildd.src, mixed mode, tiered, g1 gc, linux-x86)
# Problematic frame:
# C  [libjava.so+0x18e48]  JNU_GetEnv+0x18
#
# Core dump will be written. Default location: Core dumps may be processed with "/usr/share/apport/apport %p %s %c %P" (or dumping to /media/Disk_D/Development/Projects/JAVA/AutoDownloaderServer/core.18711)
#
# If you would like to submit a bug report, please visit:
#   http://bugreport.java.com/bugreport/crash.jsp
# The crash happened outside the Java Virtual Machine in native code.
# See problematic frame for where to report the bug.
#

---------------  S U M M A R Y ------------

Command Line: AutoDownloaderServer.jar

Host: Intel(R) Core(TM) i3-2120 CPU @ 3.30GHz, 4 cores, 7G, Ubuntu 16.04.2 LTS
Time: Sun Mar 12 19:29:42 2017 +07 elapsed time: 0 seconds (0d 0h 0m 0s)

---------------  T H R E A D  ---------------

Current thread (0x628c8c00):  JavaThread "AWT-EventQueue-0" [_thread_in_native, id=18742, stack(0x62026000,0x62077000)]

Stack: [0x62026000,0x62077000],  sp=0x62074a2c,  free space=314k
Native frames: (J=compiled Java code, j=interpreted, Vv=VM code, C=native code)
C  [libjava.so+0x18e48]  JNU_GetEnv+0x18
C  [libfontmanager.so+0x2faf5]
C  [libfreetype.so.6+0xf4dc]  FT_Stream_Seek+0x1c

Java frames: (J=compiled Java code, j=interpreted, Vv=VM code)
j  sun.font.FreetypeFontScaler.initNativeScaler(Lsun/font/Font2D;IIZI)J+0 java.desktop@9-internal
j  sun.font.FreetypeFontScaler.<init>(Lsun/font/Font2D;IZI)V+26 java.desktop@9-internal
v  ~StubRoutines::call_stub
j  sun.reflect.NativeConstructorAccessorImpl.newInstance0(Ljava/lang/reflect/Constructor;[Ljava/lang/Object;)Ljava/lang/Object;+0 java.base@9-internal
j  sun.reflect.NativeConstructorAccessorImpl.newInstance([Ljava/lang/Object;)Ljava/lang/Object;+85 java.base@9-internal
j  sun.reflect.DelegatingConstructorAccessorImpl.newInstance([Ljava/lang/Object;)Ljava/lang/Object;+5 java.base@9-internal
j  java.lang.reflect.Constructor.newInstance([Ljava/lang/Object;)Ljava/lang/Object;+65 java.base@9-internal
j  sun.font.FontScaler.getScaler(Lsun/font/Font2D;IZI)Lsun/font/FontScaler;+39 java.desktop@9-internal
j  sun.font.TrueTypeFont.getScaler()Lsun/font/FontScaler;+21 java.desktop@9-internal
j  sun.font.FileFontStrike.<init>(Lsun/font/FileFont;Lsun/font/FontStrikeDesc;)V+204 java.desktop@9-internal
j  sun.font.FileFont.createStrike(Lsun/font/FontStrikeDesc;)Lsun/font/FontStrike;+18 java.desktop@9-internal
j  sun.font.Font2D.getStrike(Lsun/font/FontStrikeDesc;Z)Lsun/font/FontStrike;+92 java.desktop@9-internal
j  sun.font.Font2D.getStrike(Lsun/font/FontStrikeDesc;)Lsun/font/FontStrike;+3 java.desktop@9-internal
j  sun.font.CompositeStrike.getStrikeForSlot(I)Lsun/font/PhysicalStrike;+23 java.desktop@9-internal
j  sun.font.CompositeStrike.getFontMetrics()Lsun/font/StrikeMetrics;+31 java.desktop@9-internal
j  sun.font.FontDesignMetrics.initMatrixAndMetrics()V+28 java.desktop@9-internal
j  sun.font.FontDesignMetrics.<init>(Ljava/awt/Font;Ljava/awt/font/FontRenderContext;)V+62 java.desktop@9-internal
j  sun.font.FontDesignMetrics.getMetrics(Ljava/awt/Font;Ljava/awt/font/FontRenderContext;)Lsun/font/FontDesignMetrics;+128 java.desktop@9-internal
j  sun.swing.SwingUtilities2.getFontMetrics(Ljavax/swing/JComponent;Ljava/awt/Font;)Ljava/awt/FontMetrics;+15 java.desktop@9-internal
j  javax.swing.JComponent.getFontMetrics(Ljava/awt/Font;)Ljava/awt/FontMetrics;+2 java.desktop@9-internal
j  javax.swing.plaf.synth.SynthGraphicsUtils.getPreferredSize(Ljavax/swing/plaf/synth/SynthContext;Ljava/awt/Font;Ljava/lang/String;Ljavax/swing/Icon;IIIIII)Ljava/awt/Dimension;+110 java.desktop@9-internal
j  javax.swing.plaf.synth.SynthLabelUI.getPreferredSize(Ljavax/swing/JComponent;)Ljava/awt/Dimension;+82 java.desktop@9-internal
j  javax.swing.JComponent.getPreferredSize()Ljava/awt/Dimension;+26 java.desktop@9-internal
j  javax.swing.border.TitledBorder.getBorderInsets(Ljava/awt/Component;Ljava/awt/Insets;)Ljava/awt/Insets;+54 java.desktop@9-internal
j  javax.swing.border.AbstractBorder.getBorderInsets(Ljava/awt/Component;)Ljava/awt/Insets;+13 java.desktop@9-internal
j  javax.swing.JComponent.setBorder(Ljavax/swing/border/Border;)V+33 java.desktop@9-internal
j  autodownloaderserver.mainFrame.initComponents()V+193
j  autodownloaderserver.mainFrame.<init>()V+5
j  autodownloaderserver.mainFrame$9.run()V+4
j  java.awt.event.InvocationEvent.dispatch()V+47 java.desktop@9-internal
j  java.awt.EventQueue.dispatchEventImpl(Ljava/awt/AWTEvent;Ljava/lang/Object;)V+21 java.desktop@9-internal
j  java.awt.EventQueue.access$500(Ljava/awt/EventQueue;Ljava/awt/AWTEvent;Ljava/lang/Object;)V+3 java.desktop@9-internal
j  java.awt.EventQueue$3.run()Ljava/lang/Void;+32 java.desktop@9-internal
j  java.awt.EventQueue$3.run()Ljava/lang/Object;+1 java.desktop@9-internal
v  ~StubRoutines::call_stub
j  java.security.AccessController.doPrivileged(Ljava/security/PrivilegedAction;Ljava/security/AccessControlContext;)Ljava/lang/Object;+0 java.base@9-internal
j  java.security.ProtectionDomain$JavaSecurityAccessImpl.doIntersectionPrivilege(Ljava/security/PrivilegedAction;Ljava/security/AccessControlContext;Ljava/security/AccessControlContext;)Ljava/lang/Object;+18 java.base@9-internal
j  java.awt.EventQueue.dispatchEvent(Ljava/awt/AWTEvent;)V+46 java.desktop@9-internal
j  java.awt.EventDispatchThread.pumpOneEventForFilters(I)V+183 java.desktop@9-internal
j  java.awt.EventDispatchThread.pumpEventsForFilter(ILjava/awt/Conditional;Ljava/awt/EventFilter;)V+35 java.desktop@9-internal
j  java.awt.EventDispatchThread.pumpEventsForHierarchy(ILjava/awt/Conditional;Ljava/awt/Component;)V+11 java.desktop@9-internal
j  java.awt.EventDispatchThread.pumpEvents(ILjava/awt/Conditional;)V+4 java.desktop@9-internal
j  java.awt.EventDispatchThread.pumpEvents(Ljava/awt/Conditional;)V+3 java.desktop@9-internal
j  java.awt.EventDispatchThread.run()V+9 java.desktop@9-internal
v  ~StubRoutines::call_stub

siginfo: si_signo: 11 (SIGSEGV), si_code: 1 (SEGV_MAPERR), si_addr: 0x00000000

Register to memory mapping:

EAX=0x00000000 is an unknown value
EBX=0x625ff000: <offset 0x000c4000> in /usr/lib/jvm/java-9-openjdk-i386/lib/i386/libfontmanager.so at 0x6253b000
ECX=0x00010002 is an unknown value
EDX=0x00000000 is an unknown value
ESP=0x62074a2c is pointing into the stack for thread: 0x628c8c00
EBP=0x62074a48 is pointing into the stack for thread: 0x628c8c00
ESI=0x00000000 is an unknown value
EDI=0x00000000 is an unknown value


Registers:
EAX=0x00000000, EBX=0x625ff000, ECX=0x00010002, EDX=0x00000000
ESP=0x62074a2c, EBP=0x62074a48, ESI=0x00000000, EDI=0x00000000
EIP=0xb665ce48, EFLAGS=0x00010246, CR2=0x0000000000000000

Top of Stack: (sp=0x62074a2c)
0x62074a2c:   00000000 62074a78 b77b0f10 62501c9b
0x62074a3c:   22e30800 00000000 62849378 62074a78
0x62074a4c:   6256aaf5 00000000 00010002 b650003c
0x62074a5c:   6355fb2c b77c0000 62849628 624990b9
0x62074a6c:   6355f878 00000000 00000000 62810410
0x62074a7c:   6249a4dc 6355f878 00000000 00000000
0x62074a8c:   00000000 b7766000 6253a000 6355f878
0x62074a9c:   624ae2b8 6355f878 00000000 00000001 

Instructions: (pc=0xb665ce48)
0xb665ce28:   ff eb f3 90 8d 74 26 00 55 89 e5 83 ec 1c 8b 45
0xb665ce38:   08 65 8b 15 14 00 00 00 89 55 f4 31 d2 8b 4d 0c
0xb665ce48:   8b 10 51 8d 4d f0 51 50 ff 52 18 8b 45 f0 8b 4d
0xb665ce58:   f4 65 33 0d 14 00 00 00 75 02 c9 c3 e8 c7 5b 00 


---------------  P R O C E S S  ---------------

Java Threads: ( => current thread )
  0xb650b400 JavaThread "DestroyJavaVM" [_thread_blocked, id=18712, stack(0xb6675000,0xb66c6000)]
=>0x628c8c00 JavaThread "AWT-EventQueue-0" [_thread_in_native, id=18742, stack(0x62026000,0x62077000)]
  0x628c6400 JavaThread "AWT-Shutdown" [_thread_blocked, id=18741, stack(0x62119000,0x6216a000)]
  0xa6a5e000 JavaThread "Thread-2" [_thread_in_native, id=18740, stack(0x62077000,0x620c8000)]
  0xa6a5d000 JavaThread "Thread-1" [_thread_in_native, id=18739, stack(0x620c8000,0x62119000)]
  0x6286cc00 JavaThread "AWT-XAWT" daemon [_thread_in_native, id=18737, stack(0x623e9000,0x6243a000)]
  0x6285a800 JavaThread "Java2D Disposer" daemon [_thread_blocked, id=18736, stack(0x6243a000,0x6248b000)]
  0x635ad400 JavaThread "Service Thread" daemon [_thread_blocked, id=18734, stack(0x62c53000,0x62ca4000)]
  0x63560800 JavaThread "Common-Cleaner" daemon [_thread_blocked, id=18733, stack(0x62ca4000,0x62cf5000)]
  0x63546800 JavaThread "Sweeper thread" daemon [_thread_blocked, id=18732, stack(0x62eb6000,0x62f07000)]
  0x63545000 JavaThread "C1 CompilerThread2" daemon [_thread_blocked, id=18731, stack(0x62f07000,0x62f88000)]
  0x63543800 JavaThread "C2 CompilerThread1" daemon [_thread_blocked, id=18730, stack(0x62f88000,0x63009000)]
  0x63542400 JavaThread "C2 CompilerThread0" daemon [_thread_blocked, id=18729, stack(0x63009000,0x6308a000)]
  0x63540c00 JavaThread "Signal Dispatcher" daemon [_thread_blocked, id=18728, stack(0x6308a000,0x630db000)]
  0x6353f400 JavaThread "Surrogate Locker Thread (Concurrent GC)" daemon [_thread_blocked, id=18727, stack(0x630db000,0x6312c000)]
  0x6352c800 JavaThread "Finalizer" daemon [_thread_blocked, id=18726, stack(0x6345e000,0x634af000)]
  0x6352b000 JavaThread "Reference Handler" daemon [_thread_blocked, id=18725, stack(0x634af000,0x63500000)]

Other Threads:
  0x63526400 VMThread [stack: 0x63631000,0x636b2000] [id=18724]
  0x635af000 WatcherThread [stack: 0x62bd2000,0x62c53000] [id=18735]

Threads with active compile tasks:

VM state:not at safepoint (normal execution)

VM Mutex/Monitor currently owned by a thread: None

Heap:
 garbage-first heap   total 65536K, used 2474K [0x66400000, 0x66500100, 0xa6400000)
  region size 1024K, 2 young (2048K), 1 survivors (1024K)
 Metaspace       used 8843K, capacity 9263K, committed 9368K, reserved 9520K

Heap Regions: E=young(eden), S=young(survivor), O=old, HS=humongous(starts), HC=humongous(continues), CS=collection set, F=free, A=archive, TS=gc time stamp, AC=allocation context, TAMS=top-at-mark-start (previous, next)
|   0|0x66400000, 0x66500000, 0x66500000|100%| O|  |TS  1|AC  0|TAMS 0x66400000, 0x66400000|
|   1|0x66500000, 0x6656aa00, 0x66600000| 41%| O|  |TS  1|AC  0|TAMS 0x66500000, 0x66500000|
|   2|0x66600000, 0x66600000, 0x66700000|  0%| F|  |TS  0|AC  0|TAMS 0x66600000, 0x66600000|
|   3|0x66700000, 0x66700000, 0x66800000|  0%| F|  |TS  0|AC  0|TAMS 0x66700000, 0x66700000|
|   4|0x66800000, 0x66800000, 0x66900000|  0%| F|  |TS  0|AC  0|TAMS 0x66800000, 0x66800000|
|   5|0x66900000, 0x66900000, 0x66a00000|  0%| F|  |TS  0|AC  0|TAMS 0x66900000, 0x66900000|
|   6|0x66a00000, 0x66a00000, 0x66b00000|  0%| F|  |TS  0|AC  0|TAMS 0x66a00000, 0x66a00000|
|   7|0x66b00000, 0x66b00000, 0x66c00000|  0%| F|  |TS  0|AC  0|TAMS 0x66b00000, 0x66b00000|
|   8|0x66c00000, 0x66c00000, 0x66d00000|  0%| F|  |TS  0|AC  0|TAMS 0x66c00000, 0x66c00000|
|   9|0x66d00000, 0x66d00000, 0x66e00000|  0%| F|  |TS  0|AC  0|TAMS 0x66d00000, 0x66d00000|
|  10|0x66e00000, 0x66e00000, 0x66f00000|  0%| F|  |TS  0|AC  0|TAMS 0x66e00000, 0x66e00000|
|  11|0x66f00000, 0x66f00000, 0x67000000|  0%| F|  |TS  0|AC  0|TAMS 0x66f00000, 0x66f00000|
|  12|0x67000000, 0x67000000, 0x67100000|  0%| F|  |TS  0|AC  0|TAMS 0x67000000, 0x67000000|
|  13|0x67100000, 0x67100000, 0x67200000|  0%| F|  |TS  0|AC  0|TAMS 0x67100000, 0x67100000|
|  14|0x67200000, 0x67200000, 0x67300000|  0%| F|  |TS  0|AC  0|TAMS 0x67200000, 0x67200000|
|  15|0x67300000, 0x67300000, 0x67400000|  0%| F|  |TS  0|AC  0|TAMS 0x67300000, 0x67300000|
|  16|0x67400000, 0x67400000, 0x67500000|  0%| F|  |TS  0|AC  0|TAMS 0x67400000, 0x67400000|
|  17|0x67500000, 0x67500000, 0x67600000|  0%| F|  |TS  0|AC  0|TAMS 0x67500000, 0x67500000|
|  18|0x67600000, 0x67600000, 0x67700000|  0%| F|  |TS  0|AC  0|TAMS 0x67600000, 0x67600000|
|  19|0x67700000, 0x67700000, 0x67800000|  0%| F|  |TS  0|AC  0|TAMS 0x67700000, 0x67700000|
|  20|0x67800000, 0x67800000, 0x67900000|  0%| F|  |TS  0|AC  0|TAMS 0x67800000, 0x67800000|
|  21|0x67900000, 0x67900000, 0x67a00000|  0%| F|  |TS  0|AC  0|TAMS 0x67900000, 0x67900000|
|  22|0x67a00000, 0x67a00000, 0x67b00000|  0%| F|  |TS  0|AC  0|TAMS 0x67a00000, 0x67a00000|
|  23|0x67b00000, 0x67b00000, 0x67c00000|  0%| F|  |TS  0|AC  0|TAMS 0x67b00000, 0x67b00000|
|  24|0x67c00000, 0x67c00000, 0x67d00000|  0%| F|  |TS  0|AC  0|TAMS 0x67c00000, 0x67c00000|
|  25|0x67d00000, 0x67d00000, 0x67e00000|  0%| F|  |TS  0|AC  0|TAMS 0x67d00000, 0x67d00000|
|  26|0x67e00000, 0x67e00000, 0x67f00000|  0%| F|  |TS  0|AC  0|TAMS 0x67e00000, 0x67e00000|
|  27|0x67f00000, 0x67f00000, 0x68000000|  0%| F|  |TS  0|AC  0|TAMS 0x67f00000, 0x67f00000|
|  28|0x68000000, 0x68000000, 0x68100000|  0%| F|  |TS  0|AC  0|TAMS 0x68000000, 0x68000000|
|  29|0x68100000, 0x68100000, 0x68200000|  0%| F|  |TS  0|AC  0|TAMS 0x68100000, 0x68100000|
|  30|0x68200000, 0x68200000, 0x68300000|  0%| F|  |TS  0|AC  0|TAMS 0x68200000, 0x68200000|
|  31|0x68300000, 0x68300000, 0x68400000|  0%| F|  |TS  0|AC  0|TAMS 0x68300000, 0x68300000|
|  32|0x68400000, 0x68400000, 0x68500000|  0%| F|  |TS  0|AC  0|TAMS 0x68400000, 0x68400000|
|  33|0x68500000, 0x68500000, 0x68600000|  0%| F|  |TS  0|AC  0|TAMS 0x68500000, 0x68500000|
|  34|0x68600000, 0x68600000, 0x68700000|  0%| F|  |TS  0|AC  0|TAMS 0x68600000, 0x68600000|
|  35|0x68700000, 0x68700000, 0x68800000|  0%| F|  |TS  0|AC  0|TAMS 0x68700000, 0x68700000|
|  36|0x68800000, 0x68800000, 0x68900000|  0%| F|  |TS  0|AC  0|TAMS 0x68800000, 0x68800000|
|  37|0x68900000, 0x68900000, 0x68a00000|  0%| F|  |TS  0|AC  0|TAMS 0x68900000, 0x68900000|
|  38|0x68a00000, 0x68a00000, 0x68b00000|  0%| F|  |TS  0|AC  0|TAMS 0x68a00000, 0x68a00000|
|  39|0x68b00000, 0x68b00000, 0x68c00000|  0%| F|  |TS  0|AC  0|TAMS 0x68b00000, 0x68b00000|
|  40|0x68c00000, 0x68c00000, 0x68d00000|  0%| F|  |TS  0|AC  0|TAMS 0x68c00000, 0x68c00000|
|  41|0x68d00000, 0x68d00000, 0x68e00000|  0%| F|  |TS  0|AC  0|TAMS 0x68d00000, 0x68d00000|
|  42|0x68e00000, 0x68e00000, 0x68f00000|  0%| F|  |TS  0|AC  0|TAMS 0x68e00000, 0x68e00000|
|  43|0x68f00000, 0x68f00000, 0x69000000|  0%| F|  |TS  0|AC  0|TAMS 0x68f00000, 0x68f00000|
|  44|0x69000000, 0x69000000, 0x69100000|  0%| F|  |TS  0|AC  0|TAMS 0x69000000, 0x69000000|
|  45|0x69100000, 0x69100000, 0x69200000|  0%| F|  |TS  0|AC  0|TAMS 0x69100000, 0x69100000|
|  46|0x69200000, 0x69200000, 0x69300000|  0%| F|  |TS  0|AC  0|TAMS 0x69200000, 0x69200000|
|  47|0x69300000, 0x69300000, 0x69400000|  0%| F|  |TS  0|AC  0|TAMS 0x69300000, 0x69300000|
|  48|0x69400000, 0x69400000, 0x69500000|  0%| F|  |TS  0|AC  0|TAMS 0x69400000, 0x69400000|
|  49|0x69500000, 0x69500000, 0x69600000|  0%| F|  |TS  0|AC  0|TAMS 0x69500000, 0x69500000|
|  50|0x69600000, 0x69600000, 0x69700000|  0%| F|  |TS  0|AC  0|TAMS 0x69600000, 0x69600000|
|  51|0x69700000, 0x69700000, 0x69800000|  0%| F|  |TS  0|AC  0|TAMS 0x69700000, 0x69700000|
|  52|0x69800000, 0x69800000, 0x69900000|  0%| F|  |TS  0|AC  0|TAMS 0x69800000, 0x69800000|
|  53|0x69900000, 0x69900000, 0x69a00000|  0%| F|  |TS  0|AC  0|TAMS 0x69900000, 0x69900000|
|  54|0x69a00000, 0x69a00000, 0x69b00000|  0%| F|  |TS  0|AC  0|TAMS 0x69a00000, 0x69a00000|
|  55|0x69b00000, 0x69b00000, 0x69c00000|  0%| F|  |TS  0|AC  0|TAMS 0x69b00000, 0x69b00000|
|  56|0x69c00000, 0x69d00000, 0x69d00000|100%| S|CS|TS  1|AC  0|TAMS 0x69c00000, 0x69c00000|
|  57|0x69d00000, 0x69d00000, 0x69e00000|  0%| F|  |TS  0|AC  0|TAMS 0x69d00000, 0x69d00000|
|  58|0x69e00000, 0x69e00000, 0x69f00000|  0%| F|  |TS  0|AC  0|TAMS 0x69e00000, 0x69e00000|
|  59|0x69f00000, 0x69f00000, 0x6a000000|  0%| F|  |TS  0|AC  0|TAMS 0x69f00000, 0x69f00000|
|  60|0x6a000000, 0x6a000000, 0x6a100000|  0%| F|  |TS  0|AC  0|TAMS 0x6a000000, 0x6a000000|
|  61|0x6a100000, 0x6a100000, 0x6a200000|  0%| F|  |TS  0|AC  0|TAMS 0x6a100000, 0x6a100000|
|  62|0x6a200000, 0x6a200000, 0x6a300000|  0%| F|  |TS  0|AC  0|TAMS 0x6a200000, 0x6a200000|
|  63|0x6a300000, 0x6a3eada0, 0x6a400000| 91%| E|  |TS  0|AC  0|TAMS 0x6a300000, 0x6a300000|

Card table byte_map: [0x65e00000,0x66000000] byte_map_base: 0x65ace000

Marking Bits (Prev, Next): (CMBitMap*) 0xb6574e34, (CMBitMap*) 0xb6574e60
 Prev Bits: [0x64c00000, 0x65c00000)
 Next Bits: [0x63c00000, 0x64c00000)

Polling page: 0xb7777000

CodeHeap 'non-nmethods': size=5412Kb used=756Kb max_used=770Kb free=4655Kb
 bounds [0xa7332000, 0xa7572000, 0xa787b000]
CodeHeap 'profiled nmethods': size=120172Kb used=993Kb max_used=993Kb free=119178Kb
 bounds [0xa787b000, 0xa7abb000, 0xaedd6000]
CodeHeap 'non-profiled nmethods': size=120176Kb used=160Kb max_used=160Kb free=120015Kb
 bounds [0xaedd6000, 0xaf016000, 0xb6332000]
 total_blobs=1086 nmethods=662 adapters=189
 compilation: enabled

Compilation events (10 events):
Event: 0,470 Thread 0x63545000  660       1       java.util.ArrayList$SubList::access$200 (5 bytes)
Event: 0,470 Thread 0x63545000 nmethod 660 0xaedfc808 code [0xaedfc900, 0xaedfc980]
Event: 0,470 Thread 0x63545000  661       1       java.util.ArrayList$SubList::access$300 (5 bytes)
Event: 0,470 Thread 0x63545000 nmethod 661 0xaedfca08 code [0xaedfcb00, 0xaedfcb80]
Event: 0,470 Thread 0x63545000  648       3       java.lang.Character::charCount (12 bytes)
Event: 0,470 Thread 0x63545000 nmethod 648 0xa7973288 code [0xa79733a0, 0xa79734a0]
Event: 0,471 Thread 0x63545000  663       1       javax.swing.plaf.synth.SynthContext::getStyle (5 bytes)
Event: 0,471 Thread 0x63545000 nmethod 663 0xaedfcc08 code [0xaedfcd00, 0xaedfcda0]
Event: 0,471 Thread 0x63545000  656       1       javax.swing.plaf.synth.Region::isSubregion (5 bytes)
Event: 0,471 Thread 0x63545000 nmethod 656 0xaedfce08 code [0xaedfcf00, 0xaedfcfa0]

GC Heap History (2 events):
Event: 0,463 GC heap before
{Heap before GC invocations=0 (full 0):
 garbage-first heap   total 65536K, used 7168K [0x66400000, 0x66500100, 0xa6400000)
  region size 1024K, 7 young (7168K), 0 survivors (0K)
 Metaspace       used 8773K, capacity 9199K, committed 9240K, reserved 9520K
}
Event: 0,468 GC heap after
{Heap after GC invocations=1 (full 0):
 garbage-first heap   total 65536K, used 2474K [0x66400000, 0x66500100, 0xa6400000)
  region size 1024K, 1 young (1024K), 1 survivors (1024K)
 Metaspace       used 8773K, capacity 9199K, committed 9240K, reserved 9520K
}

Deoptimization events (10 events):
Event: 0,146 Thread 0xb650b400 Uncommon trap: reason=bimorphic action=maybe_recompile pc=0xaeddca8c method=java.util.Collections$UnmodifiableCollection$1.next()Ljava/lang/Object; @ 4
Event: 0,146 Thread 0xb650b400 Uncommon trap: reason=bimorphic action=maybe_recompile pc=0xaeddca8c method=java.util.Collections$UnmodifiableCollection$1.next()Ljava/lang/Object; @ 4
Event: 0,146 Thread 0xb650b400 Uncommon trap: reason=bimorphic action=maybe_recompile pc=0xaeddca8c method=java.util.Collections$UnmodifiableCollection$1.next()Ljava/lang/Object; @ 4
Event: 0,148 Thread 0xb650b400 Uncommon trap: reason=bimorphic action=maybe_recompile pc=0xaeddca8c method=java.util.Collections$UnmodifiableCollection$1.next()Ljava/lang/Object; @ 4
Event: 0,288 Thread 0xb650b400 Uncommon trap: reason=unstable_if action=reinterpret pc=0xaeddd6dc method=java.util.HashMap.putVal(ILjava/lang/Object;Ljava/lang/Object;ZZ)Ljava/lang/Object; @ 181
Event: 0,378 Thread 0xb650b400 Uncommon trap: reason=unstable_if action=reinterpret pc=0xaedde634 method=java.util.HashMap.hash(Ljava/lang/Object;)I @ 1
Event: 0,378 Thread 0xb650b400 Uncommon trap: reason=unstable_if action=reinterpret pc=0xaedd9f60 method=java.util.HashMap.hash(Ljava/lang/Object;)I @ 1
Event: 0,383 Thread 0xb650b400 Uncommon trap: reason=unstable_if action=reinterpret pc=0xaedf4398 method=java.util.HashMap.getNode(ILjava/lang/Object;)Ljava/util/HashMap$Node; @ 62
Event: 0,452 Thread 0x628c8c00 Uncommon trap: reason=unstable_if action=reinterpret pc=0xaede8770 method=java.util.HashMap.resize()[Ljava/util/HashMap$Node; @ 203
Event: 0,452 Thread 0x628c8c00 Uncommon trap: reason=unstable_if action=reinterpret pc=0xaedf5c9c method=java.util.HashMap.getNode(ILjava/lang/Object;)Ljava/util/HashMap$Node; @ 84

Classes redefined (0 events):
No events

Internal exceptions (10 events):
Event: 0,377 Thread 0xb650b400 Exception <a 'java/lang/ClassNotFoundException': Tree> (0x69e321f8) thrown at [/build/openjdk-9-GMfJKp/openjdk-9-9~b114/src/hotspot/src/share/vm/classfile/systemDictionary.cpp, line 224]
Event: 0,377 Thread 0xb650b400 Exception <a 'java/lang/ClassNotFoundException': javax/swing/JTreeCell> (0x69e324f8) thrown at [/build/openjdk-9-GMfJKp/openjdk-9-9~b114/src/hotspot/src/share/vm/classfile/systemDictionary.cpp, line 224]
Event: 0,377 Thread 0xb650b400 Exception <a 'java/lang/ClassNotFoundException': TreeCell> (0x69e32728) thrown at [/build/openjdk-9-GMfJKp/openjdk-9-9~b114/src/hotspot/src/share/vm/classfile/systemDictionary.cpp, line 224]
Event: 0,377 Thread 0xb650b400 Exception <a 'java/lang/ClassNotFoundException': RootPane> (0x69e32e30) thrown at [/build/openjdk-9-GMfJKp/openjdk-9-9~b114/src/hotspot/src/share/vm/classfile/systemDictionary.cpp, line 224]
Event: 0,378 Thread 0xb650b400 Implicit null exception at 0xaedde5bd to 0xaedde62a
Event: 0,378 Thread 0xb650b400 Implicit null exception at 0xaedd9f0b to 0xaedd9f50
Event: 0,379 Thread 0xb650b400 Exception <a 'java/lang/ClassNotFoundException': com/sun/swing/internal/plaf/metal/resources/metalProvider> (0x69e35480) thrown at [/build/openjdk-9-GMfJKp/openjdk-9-9~b114/src/hotspot/src/share/vm/classfile/systemDictionary.cpp, line 224]
Event: 0,379 Thread 0xb650b400 Exception <a 'java/lang/ClassNotFoundException': com/sun/swing/internal/plaf/basic/resources/basicProvider> (0x69e38ee0) thrown at [/build/openjdk-9-GMfJKp/openjdk-9-9~b114/src/hotspot/src/share/vm/classfile/systemDictionary.cpp, line 224]
Event: 0,397 Thread 0x628c8c00 Exception <a 'java/lang/ClassNotFoundException': com/sun/swing/internal/plaf/synth/resources/synthProvider> (0x69d2e6c8) thrown at [/build/openjdk-9-GMfJKp/openjdk-9-9~b114/src/hotspot/src/share/vm/classfile/systemDictionary.cpp, line 224]
Event: 0,398 Thread 0x628c8c00 Exception <a 'java/lang/ClassNotFoundException': com/sun/swing/internal/plaf/basic/resources/basicProvider> (0x69d31248) thrown at [/build/openjdk-9-GMfJKp/openjdk-9-9~b114/src/hotspot/src/share/vm/classfile/systemDictionary.cpp, line 224]

Events (10 events):
Event: 0,471 loading class sun/font/StrikeCache$SoftDisposerRef
Event: 0,471 loading class sun/font/StrikeCache$DisposableStrike
Event: 0,471 loading class sun/font/StrikeCache$DisposableStrike done
Event: 0,471 loading class sun/font/StrikeCache$SoftDisposerRef done
Event: 0,471 loading class sun/font/FileFontStrike
Event: 0,472 loading class sun/font/FileFontStrike done
Event: 0,472 loading class sun/font/FontScaler
Event: 0,472 loading class sun/font/FontScaler done
Event: 0,472 loading class sun/font/FreetypeFontScaler
Event: 0,472 loading class sun/font/FreetypeFontScaler done


Dynamic libraries:
08048000-08049000 r-xp 00000000 08:12 1319587    /usr/lib/jvm/java-9-openjdk-i386/bin/java
08049000-0804a000 r--p 00000000 08:12 1319587    /usr/lib/jvm/java-9-openjdk-i386/bin/java
0804a000-0804b000 rw-p 00001000 08:12 1319587    /usr/lib/jvm/java-9-openjdk-i386/bin/java
0963f000-09660000 rw-p 00000000 00:00 0          [heap]
61d00000-61d71000 rw-p 00000000 00:00 0 
61d71000-61e00000 ---p 00000000 00:00 0 
61e00000-61ee0000 rw-p 00000000 00:00 0 
61ee0000-61f00000 ---p 00000000 00:00 0 
61f00000-61fd3000 rw-p 00000000 00:00 0 
61fd3000-62000000 ---p 00000000 00:00 0 
62026000-6202a000 ---p 00000000 00:00 0 
6202a000-62077000 rw-p 00000000 00:00 0 
62077000-6207b000 ---p 00000000 00:00 0 
6207b000-620c8000 rw-p 00000000 00:00 0 
620c8000-620cc000 ---p 00000000 00:00 0 
620cc000-62119000 rw-p 00000000 00:00 0 
62119000-6211d000 ---p 00000000 00:00 0 
6211d000-6226a000 rw-p 00000000 00:00 0 
6226a000-62272000 r--s 00000000 08:12 14942321   /var/cache/fontconfig/945677eb7aeaf62f1d50efc3fb3ec7d8-le32d4.cache-6
62272000-622a0000 r--s 00000000 08:12 14942801   /var/cache/fontconfig/365b55f210c0a22e9a19e35191240f32-le32d4.cache-6
622e9000-623e9000 rw-p 00000000 00:00 0 
623e9000-623ed000 ---p 00000000 00:00 0 
623ed000-6243a000 rw-p 00000000 00:00 0 
6243a000-6243e000 ---p 00000000 00:00 0 
6243e000-6248b000 rw-p 00000000 00:00 0 
6248b000-62536000 r-xp 00000000 08:12 20453397   /usr/lib/i386-linux-gnu/libfreetype.so.6.12.1
62536000-6253a000 r--p 000aa000 08:12 20453397   /usr/lib/i386-linux-gnu/libfreetype.so.6.12.1
6253a000-6253b000 rw-p 000ae000 08:12 20453397   /usr/lib/i386-linux-gnu/libfreetype.so.6.12.1
6253b000-625fd000 r-xp 00000000 08:12 1448044    /usr/lib/jvm/java-9-openjdk-i386/lib/i386/libfontmanager.so
625fd000-625ff000 r--p 000c1000 08:12 1448044    /usr/lib/jvm/java-9-openjdk-i386/lib/i386/libfontmanager.so
625ff000-62600000 rw-p 000c3000 08:12 1448044    /usr/lib/jvm/java-9-openjdk-i386/lib/i386/libfontmanager.so
62600000-62700000 rw-p 00000000 00:00 0 
62700000-62800000 rw-p 00000000 00:00 0 
62800000-628e3000 rw-p 00000000 00:00 0 
628e3000-62900000 ---p 00000000 00:00 0 
62903000-62909000 r--s 00000000 08:12 14942804   /var/cache/fontconfig/a6d8cf8e4ec09cdbc8633c31745a07dd-le32d4.cache-6
62909000-62918000 r--s 00000000 08:12 14942297   /var/cache/fontconfig/04aabc0a78ac019cf9454389977116d2-le32d4.cache-6
62942000-6296b000 r-xp 00000000 08:12 23332464   /lib/i386-linux-gnu/libpng12.so.0.54.0
6296b000-6296c000 r--p 00028000 08:12 23332464   /lib/i386-linux-gnu/libpng12.so.0.54.0
6296c000-6296d000 rw-p 00029000 08:12 23332464   /lib/i386-linux-gnu/libpng12.so.0.54.0
6296d000-62ab3000 r-xp 00000000 08:12 20452960   /usr/lib/i386-linux-gnu/libX11.so.6.3.0
62ab3000-62ab4000 ---p 00146000 08:12 20452960   /usr/lib/i386-linux-gnu/libX11.so.6.3.0
62ab4000-62ab5000 r--p 00146000 08:12 20452960   /usr/lib/i386-linux-gnu/libX11.so.6.3.0
62ab5000-62ab7000 rw-p 00147000 08:12 20452960   /usr/lib/i386-linux-gnu/libX11.so.6.3.0
62ab7000-62ab8000 rw-p 00000000 00:00 0 
62ab8000-62b0c000 r-xp 00000000 08:12 1448075    /usr/lib/jvm/java-9-openjdk-i386/lib/i386/libawt_xawt.so
62b0c000-62b0d000 r--p 00053000 08:12 1448075    /usr/lib/jvm/java-9-openjdk-i386/lib/i386/libawt_xawt.so
62b0d000-62b0f000 rw-p 00054000 08:12 1448075    /usr/lib/jvm/java-9-openjdk-i386/lib/i386/libawt_xawt.so
62b0f000-62b10000 rw-p 00000000 00:00 0 
62b10000-62ba6000 r-xp 00000000 08:12 1448043    /usr/lib/jvm/java-9-openjdk-i386/lib/i386/libawt.so
62ba6000-62ba7000 r--p 00095000 08:12 1448043    /usr/lib/jvm/java-9-openjdk-i386/lib/i386/libawt.so
62ba7000-62bae000 rw-p 00096000 08:12 1448043    /usr/lib/jvm/java-9-openjdk-i386/lib/i386/libawt.so
62bae000-62bd2000 rw-p 00000000 00:00 0 
62bd2000-62bd3000 ---p 00000000 00:00 0 
62bd3000-62c53000 rw-p 00000000 00:00 0 
62c53000-62c57000 ---p 00000000 00:00 0 
62c57000-62ca4000 rw-p 00000000 00:00 0 
62ca4000-62ca8000 ---p 00000000 00:00 0 
62ca8000-62eb6000 rw-p 00000000 00:00 0 
62eb6000-62eba000 ---p 00000000 00:00 0 
62eba000-62f07000 rw-p 00000000 00:00 0 
62f07000-62f0b000 ---p 00000000 00:00 0 
62f0b000-62f88000 rw-p 00000000 00:00 0 
62f88000-62f8c000 ---p 00000000 00:00 0 
62f8c000-63009000 rw-p 00000000 00:00 0 
63009000-6300d000 ---p 00000000 00:00 0 
6300d000-6308a000 rw-p 00000000 00:00 0 
6308a000-6308e000 ---p 00000000 00:00 0 
6308e000-630db000 rw-p 00000000 00:00 0 
630db000-630df000 ---p 00000000 00:00 0 
630df000-6312c000 rw-p 00000000 00:00 0 
6312c000-6325e000 r--p 0019a000 08:12 20456145   /usr/lib/locale/locale-archive
6325e000-6345e000 r--p 00000000 08:12 20456145   /usr/lib/locale/locale-archive
6345e000-63462000 ---p 00000000 00:00 0 
63462000-634af000 rw-p 00000000 00:00 0 
634af000-634b3000 ---p 00000000 00:00 0 
634b3000-63500000 rw-p 00000000 00:00 0 
63500000-635fd000 rw-p 00000000 00:00 0 
635fd000-63600000 ---p 00000000 00:00 0 
63600000-63602000 r--s 00000000 08:12 14942898   /var/cache/fontconfig/99e8ed0e538f840c565b6ed5dad60d56-le32d4.cache-6
63602000-63631000 r--p 00000000 08:12 22285818   /usr/share/locale-langpack/ru/LC_MESSAGES/libc.mo
63631000-63632000 ---p 00000000 00:00 0 
63632000-63af8000 rw-p 00000000 00:00 0 
63af8000-63afe000 ---p 00000000 00:00 0 
63afe000-63aff000 ---p 00000000 00:00 0 
63aff000-63b7f000 rw-p 00000000 00:00 0 
63b7f000-63b80000 ---p 00000000 00:00 0 
63b80000-63d00000 rw-p 00000000 00:00 0 
63d00000-64c00000 ---p 00000000 00:00 0 
64c00000-64d00000 rw-p 00000000 00:00 0 
64d00000-65c00000 ---p 00000000 00:00 0 
65c00000-65c20000 rw-p 00000000 00:00 0 
65c20000-65e00000 ---p 00000000 00:00 0 
65e00000-65e20000 rw-p 00000000 00:00 0 
65e20000-66200000 ---p 00000000 00:00 0 
66200000-66220000 rw-p 00000000 00:00 0 
66220000-66400000 ---p 00000000 00:00 0 
66400000-6a400000 rw-p 00000000 00:00 0 
6a400000-a6400000 ---p 00000000 00:00 0 
a6401000-a6405000 r--s 00000000 08:12 14942303   /var/cache/fontconfig/2cd17615ca594fa2959ae173292e504c-le32d4.cache-6
a6405000-a6406000 r--s 00000000 08:12 14942300   /var/cache/fontconfig/0d8c3b2ac0904cb8a57a757ad11a4a08-le32d4.cache-6
a6406000-a6407000 r--s 00000000 08:12 14942302   /var/cache/fontconfig/1ac9eb803944fde146138c791f5cc56a-le32d4.cache-6
a6407000-a640a000 r--s 00000000 08:12 14942307   /var/cache/fontconfig/385c0604a188198f04d133e54aba7fe7-le32d4.cache-6
a640a000-a640b000 r--s 00000000 08:12 14942334   /var/cache/fontconfig/dc05db6664285cc2f12bf69c139ae4c3-le32d4.cache-6
a640b000-a640d000 r--s 00000000 08:12 14942317   /var/cache/fontconfig/767a8244fc0220cfb567a839d0392e0b-le32d4.cache-6
a640d000-a640e000 r--s 00000000 08:12 14949829   /var/cache/fontconfig/4794a0821666d79190d59a36cb4f44b5-le32d4.cache-6
a640e000-a6412000 r--s 00000000 08:12 14942320   /var/cache/fontconfig/8801497958630a81b71ace7c5f9b32a8-le32d4.cache-6
a6412000-a6422000 r--s 00000000 08:12 14942331   /var/cache/fontconfig/d52a8644073d54c13679302ca1180695-le32d4.cache-6
a6422000-a647d000 rw-p 00000000 00:00 0 
a647d000-a647e000 ---p 00000000 00:00 0 
a647e000-a64fe000 rw-p 00000000 00:00 0 
a64fe000-a64ff000 ---p 00000000 00:00 0 
a64ff000-a657f000 rw-p 00000000 00:00 0 
a657f000-a6580000 ---p 00000000 00:00 0 
a6580000-a6600000 rw-p 00000000 00:00 0 
a6600000-a6621000 rw-p 00000000 00:00 0 
a6621000-a6700000 ---p 00000000 00:00 0 
a6700000-a6701000 r--s 00000000 08:12 14942327   /var/cache/fontconfig/bab58bb527bb656aaa9f116d68a48d89-le32d4.cache-6
a6701000-a6706000 r--s 00000000 08:12 14942304   /var/cache/fontconfig/3047814df9a2f067bd2d96a2b9c36e5a-le32d4.cache-6
a6706000-a6707000 r--s 00000000 08:12 14942311   /var/cache/fontconfig/56cf4f4769d0f4abc89a4895d7bd3ae1-le32d4.cache-6
a6707000-a6708000 r--s 00000000 08:12 14942326   /var/cache/fontconfig/b9d506c9ac06c20b433354fa67a72993-le32d4.cache-6
a6708000-a670f000 r--s 00000000 08:12 14942803   /var/cache/fontconfig/52f7bdb7ce746bfd7eaa1985bd9cfa93-le32d4.cache-6
a670f000-a6718000 r--s 00000000 08:12 14953164   /var/cache/fontconfig/d589a48862398ed80a3d6066f4f56f4c-le32d4.cache-6
a6718000-a673c000 r-xp 00000000 08:12 20454366   /usr/lib/i386-linux-gnu/libxcb.so.1.1.0
a673c000-a673d000 r--p 00023000 08:12 20454366   /usr/lib/i386-linux-gnu/libxcb.so.1.1.0
a673d000-a673e000 rw-p 00024000 08:12 20454366   /usr/lib/i386-linux-gnu/libxcb.so.1.1.0
a673e000-a677f000 rw-p 00000000 00:00 0 
a677f000-a6780000 ---p 00000000 00:00 0 
a6780000-a6800000 rw-p 00000000 00:00 0 
a6800000-a68ff000 rw-p 00000000 00:00 0 
a68ff000-a6900000 ---p 00000000 00:00 0 
a6900000-a6908000 r--s 00000000 08:12 14942319   /var/cache/fontconfig/83bf95040141907cd45bb53cf7c1c148-le32d4.cache-6
a6908000-a6916000 r--s 00000000 08:12 14942323   /var/cache/fontconfig/9b89f8e3dae116d678bbf48e5f21f69b-le32d4.cache-6
a6916000-a6927000 r-xp 00000000 08:12 20452985   /usr/lib/i386-linux-gnu/libXi.so.6.1.0
a6927000-a6928000 r--p 00010000 08:12 20452985   /usr/lib/i386-linux-gnu/libXi.so.6.1.0
a6928000-a6929000 rw-p 00011000 08:12 20452985   /usr/lib/i386-linux-gnu/libXi.so.6.1.0
a6929000-a693c000 r-xp 00000000 08:12 20452977   /usr/lib/i386-linux-gnu/libXext.so.6.4.0
a693c000-a693d000 r--p 00012000 08:12 20452977   /usr/lib/i386-linux-gnu/libXext.so.6.4.0
a693d000-a693e000 rw-p 00013000 08:12 20452977   /usr/lib/i386-linux-gnu/libXext.so.6.4.0
a693e000-a697f000 rw-p 00000000 00:00 0 
a697f000-a6980000 ---p 00000000 00:00 0 
a6980000-a6a00000 rw-p 00000000 00:00 0 
a6a00000-a6adf000 rw-p 00000000 00:00 0 
a6adf000-a6b00000 ---p 00000000 00:00 0 
a6b00000-a6bfa000 rw-p 00000000 00:00 0 
a6bfa000-a6c00000 ---p 00000000 00:00 0 
a6c00000-a6c04000 r--s 00000000 08:12 14942325   /var/cache/fontconfig/b47c4e1ecd0709278f4910c18777a504-le32d4.cache-6
a6c04000-a6c09000 r-xp 00000000 08:12 20452975   /usr/lib/i386-linux-gnu/libXdmcp.so.6.0.0
a6c09000-a6c0a000 r--p 00004000 08:12 20452975   /usr/lib/i386-linux-gnu/libXdmcp.so.6.0.0
a6c0a000-a6c0b000 rw-p 00005000 08:12 20452975   /usr/lib/i386-linux-gnu/libXdmcp.so.6.0.0
a6c0b000-a6c0e000 r--s 00000000 08:12 14942316   /var/cache/fontconfig/75114ca45c98e8a441da0ff356701271-le32d4.cache-6
a6c0e000-a6c13000 r-xp 00000000 08:12 20452979   /usr/lib/i386-linux-gnu/libXfixes.so.3.1.0
a6c13000-a6c14000 r--p 00004000 08:12 20452979   /usr/lib/i386-linux-gnu/libXfixes.so.3.1.0
a6c14000-a6c15000 rw-p 00005000 08:12 20452979   /usr/lib/i386-linux-gnu/libXfixes.so.3.1.0
a6c15000-a6c1e000 r-xp 00000000 08:12 20452971   /usr/lib/i386-linux-gnu/libXcursor.so.1.0.2
a6c1e000-a6c1f000 r--p 00008000 08:12 20452971   /usr/lib/i386-linux-gnu/libXcursor.so.1.0.2
a6c1f000-a6c20000 rw-p 00009000 08:12 20452971   /usr/lib/i386-linux-gnu/libXcursor.so.1.0.2
a6c20000-a6c27000 r--s 00000000 08:12 20455266   /usr/lib/i386-linux-gnu/gconv/gconv-modules.cache
a6c27000-a6c3c000 r-xp 00000000 08:12 1448045    /usr/lib/jvm/java-9-openjdk-i386/lib/i386/libnet.so
a6c3c000-a6c3d000 r--p 00014000 08:12 1448045    /usr/lib/jvm/java-9-openjdk-i386/lib/i386/libnet.so
a6c3d000-a6c3e000 rw-p 00015000 08:12 1448045    /usr/lib/jvm/java-9-openjdk-i386/lib/i386/libnet.so
a6c3e000-a6c7f000 rw-p 00000000 00:00 0 
a6c7f000-a6c80000 ---p 00000000 00:00 0 
a6c80000-a6d00000 rw-p 00000000 00:00 0 
a6d00000-a6d21000 rw-p 00000000 00:00 0 
a6d21000-a6e00000 ---p 00000000 00:00 0 
a6e00000-a6e01000 r--s 00000000 08:12 14942310   /var/cache/fontconfig/551ecf3b0e8b0bca0f25c0944f561853-le32d4.cache-6
a6e01000-a6e04000 r--s 00000000 08:12 14942808   /var/cache/fontconfig/7ef2298fde41cc6eeb7af42e48b7d293-le32d4.cache-6
a6e04000-a6e09000 r-xp 00000000 08:12 20453003   /usr/lib/i386-linux-gnu/libXtst.so.6.1.0
a6e09000-a6e0a000 r--p 00004000 08:12 20453003   /usr/lib/i386-linux-gnu/libXtst.so.6.1.0
a6e0a000-a6e0b000 rw-p 00005000 08:12 20453003   /usr/lib/i386-linux-gnu/libXtst.so.6.1.0
a6e0b000-a6e1c000 r-xp 00000000 08:12 1448076    /usr/lib/jvm/java-9-openjdk-i386/lib/i386/libnio.so
a6e1c000-a6e1d000 r--p 00010000 08:12 1448076    /usr/lib/jvm/java-9-openjdk-i386/lib/i386/libnio.so
a6e1d000-a6e1e000 rw-p 00011000 08:12 1448076    /usr/lib/jvm/java-9-openjdk-i386/lib/i386/libnio.so
a6e1e000-a6e7f000 rw-p 00000000 00:00 0 
a6e7f000-a6e80000 ---p 00000000 00:00 0 
a6e80000-a6f00000 rw-p 00000000 00:00 0 
a6f00000-a6f21000 rw-p 00000000 00:00 0 
a6f21000-a7000000 ---p 00000000 00:00 0 
a7000000-a7001000 r--s 00000000 08:12 14942305   /var/cache/fontconfig/30829fa25452a46451e813d634d7f916-le32d4.cache-6
a7001000-a7002000 r--s 00000000 08:12 14942299   /var/cache/fontconfig/0c9eb80ebd1c36541ebe2852d3bb0c49-le32d4.cache-6
a7002000-a700c000 r-xp 00000000 08:12 20452997   /usr/lib/i386-linux-gnu/libXrender.so.1.3.0
a700c000-a700d000 r--p 00009000 08:12 20452997   /usr/lib/i386-linux-gnu/libXrender.so.1.3.0
a700d000-a700e000 rw-p 0000a000 08:12 20452997   /usr/lib/i386-linux-gnu/libXrender.so.1.3.0
a700e000-a704f000 rw-p 00000000 00:00 0 
a704f000-a7050000 ---p 00000000 00:00 0 
a7050000-a70d0000 rw-p 00000000 00:00 0 
a70d0000-a70d1000 ---p 00000000 00:00 0 
a70d1000-a7156000 rw-p 00000000 00:00 0 
a7156000-a723c000 ---p 00000000 00:00 0 
a723c000-a7241000 rw-p 00000000 00:00 0 
a7241000-a7327000 ---p 00000000 00:00 0 
a7327000-a732c000 rw-p 00000000 00:00 0 
a732c000-a7332000 ---p 00000000 00:00 0 
a7332000-a7572000 rwxp 00000000 00:00 0 
a7572000-a787b000 ---p 00000000 00:00 0 
a787b000-a7abb000 rwxp 00000000 00:00 0 
a7abb000-aedd6000 ---p 00000000 00:00 0 
aedd6000-af016000 rwxp 00000000 00:00 0 
af016000-b6332000 ---p 00000000 00:00 0 
b6332000-b64ed000 r--s 00000000 08:12 1319592    /usr/lib/jvm/java-9-openjdk-i386/lib/modules
b64ed000-b64f8000 r-xp 00000000 08:12 23332422   /lib/i386-linux-gnu/libnss_files-2.23.so
b64f8000-b64f9000 r--p 0000a000 08:12 23332422   /lib/i386-linux-gnu/libnss_files-2.23.so
b64f9000-b64fa000 rw-p 0000b000 08:12 23332422   /lib/i386-linux-gnu/libnss_files-2.23.so
b64fa000-b6500000 rw-p 00000000 00:00 0 
b6500000-b6600000 rw-p 00000000 00:00 0 
b6600000-b660b000 r-xp 00000000 08:12 23332432   /lib/i386-linux-gnu/libnss_nis-2.23.so
b660b000-b660c000 r--p 0000a000 08:12 23332432   /lib/i386-linux-gnu/libnss_nis-2.23.so
b660c000-b660d000 rw-p 0000b000 08:12 23332432   /lib/i386-linux-gnu/libnss_nis-2.23.so
b660d000-b6624000 r-xp 00000000 08:12 23332416   /lib/i386-linux-gnu/libnsl-2.23.so
b6624000-b6625000 r--p 00016000 08:12 23332416   /lib/i386-linux-gnu/libnsl-2.23.so
b6625000-b6626000 rw-p 00017000 08:12 23332416   /lib/i386-linux-gnu/libnsl-2.23.so
b6626000-b6628000 rw-p 00000000 00:00 0 
b6628000-b662a000 r-xp 00000000 08:12 20452964   /usr/lib/i386-linux-gnu/libXau.so.6.0.0
b662a000-b662b000 r--p 00001000 08:12 20452964   /usr/lib/i386-linux-gnu/libXau.so.6.0.0
b662b000-b662c000 rw-p 00002000 08:12 20452964   /usr/lib/i386-linux-gnu/libXau.so.6.0.0
b662c000-b6631000 r-xp 00000000 08:12 1448059    /usr/lib/jvm/java-9-openjdk-i386/lib/i386/libjimage.so
b6631000-b6632000 r--p 00004000 08:12 1448059    /usr/lib/jvm/java-9-openjdk-i386/lib/i386/libjimage.so
b6632000-b6633000 rw-p 00005000 08:12 1448059    /usr/lib/jvm/java-9-openjdk-i386/lib/i386/libjimage.so
b6633000-b663a000 r-xp 00000000 08:12 1448055    /usr/lib/jvm/java-9-openjdk-i386/lib/i386/libzip.so
b663a000-b663b000 r--p 00006000 08:12 1448055    /usr/lib/jvm/java-9-openjdk-i386/lib/i386/libzip.so
b663b000-b663c000 rw-p 00007000 08:12 1448055    /usr/lib/jvm/java-9-openjdk-i386/lib/i386/libzip.so
b663c000-b6644000 rw-s 00000000 08:12 8389585    /tmp/hsperfdata_root/18711
b6644000-b666a000 r-xp 00000000 08:12 1448038    /usr/lib/jvm/java-9-openjdk-i386/lib/i386/libjava.so
b666a000-b666b000 r--p 00025000 08:12 1448038    /usr/lib/jvm/java-9-openjdk-i386/lib/i386/libjava.so
b666b000-b666c000 rw-p 00026000 08:12 1448038    /usr/lib/jvm/java-9-openjdk-i386/lib/i386/libjava.so
b666c000-b6673000 r-xp 00000000 08:12 23332477   /lib/i386-linux-gnu/librt-2.23.so
b6673000-b6674000 r--p 00006000 08:12 23332477   /lib/i386-linux-gnu/librt-2.23.so
b6674000-b6675000 rw-p 00007000 08:12 23332477   /lib/i386-linux-gnu/librt-2.23.so
b6675000-b6679000 ---p 00000000 00:00 0 
b6679000-b66c6000 rw-p 00000000 00:00 0 
b66c6000-b66e2000 r-xp 00000000 08:12 23332363   /lib/i386-linux-gnu/libgcc_s.so.1
b66e2000-b66e3000 rw-p 0001b000 08:12 23332363   /lib/i386-linux-gnu/libgcc_s.so.1
b66e3000-b6736000 r-xp 00000000 08:12 23332395   /lib/i386-linux-gnu/libm-2.23.so
b6736000-b6737000 r--p 00052000 08:12 23332395   /lib/i386-linux-gnu/libm-2.23.so
b6737000-b6738000 rw-p 00053000 08:12 23332395   /lib/i386-linux-gnu/libm-2.23.so
b6738000-b68a5000 r-xp 00000000 08:12 20454119   /usr/lib/i386-linux-gnu/libstdc++.so.6.0.21
b68a5000-b68a6000 ---p 0016d000 08:12 20454119   /usr/lib/i386-linux-gnu/libstdc++.so.6.0.21
b68a6000-b68ab000 r--p 0016d000 08:12 20454119   /usr/lib/i386-linux-gnu/libstdc++.so.6.0.21
b68ab000-b68ac000 rw-p 00172000 08:12 20454119   /usr/lib/i386-linux-gnu/libstdc++.so.6.0.21
b68ac000-b68af000 rw-p 00000000 00:00 0 
b68af000-b74db000 r-xp 00000000 08:12 1448052    /usr/lib/jvm/java-9-openjdk-i386/lib/i386/server/libjvm.so
b74db000-b7530000 r--p 00c2b000 08:12 1448052    /usr/lib/jvm/java-9-openjdk-i386/lib/i386/server/libjvm.so
b7530000-b754e000 rw-p 00c80000 08:12 1448052    /usr/lib/jvm/java-9-openjdk-i386/lib/i386/server/libjvm.so
b754e000-b7577000 rw-p 00000000 00:00 0 
b7577000-b7590000 r-xp 00000000 08:12 23332469   /lib/i386-linux-gnu/libpthread-2.23.so
b7590000-b7591000 r--p 00018000 08:12 23332469   /lib/i386-linux-gnu/libpthread-2.23.so
b7591000-b7592000 rw-p 00019000 08:12 23332469   /lib/i386-linux-gnu/libpthread-2.23.so
b7592000-b7594000 rw-p 00000000 00:00 0 
b7594000-b7597000 r-xp 00000000 08:12 23332349   /lib/i386-linux-gnu/libdl-2.23.so
b7597000-b7598000 r--p 00002000 08:12 23332349   /lib/i386-linux-gnu/libdl-2.23.so
b7598000-b7599000 rw-p 00003000 08:12 23332349   /lib/i386-linux-gnu/libdl-2.23.so
b7599000-b75b2000 r-xp 00000000 08:12 23332514   /lib/i386-linux-gnu/libz.so.1.2.8
b75b2000-b75b3000 r--p 00018000 08:12 23332514   /lib/i386-linux-gnu/libz.so.1.2.8
b75b3000-b75b4000 rw-p 00019000 08:12 23332514   /lib/i386-linux-gnu/libz.so.1.2.8
b75b4000-b7763000 r-xp 00000000 08:12 23332325   /lib/i386-linux-gnu/libc-2.23.so
b7763000-b7764000 ---p 001af000 08:12 23332325   /lib/i386-linux-gnu/libc-2.23.so
b7764000-b7766000 r--p 001af000 08:12 23332325   /lib/i386-linux-gnu/libc-2.23.so
b7766000-b7767000 rw-p 001b1000 08:12 23332325   /lib/i386-linux-gnu/libc-2.23.so
b7767000-b776a000 rw-p 00000000 00:00 0 
b776a000-b776c000 r--s 00000000 08:12 14942335   /var/cache/fontconfig/e13b20fdb08344e0e664864cc2ede53d-le32d4.cache-6
b776c000-b7774000 r-xp 00000000 08:12 23332418   /lib/i386-linux-gnu/libnss_compat-2.23.so
b7774000-b7775000 r--p 00007000 08:12 23332418   /lib/i386-linux-gnu/libnss_compat-2.23.so
b7775000-b7776000 rw-p 00008000 08:12 23332418   /lib/i386-linux-gnu/libnss_compat-2.23.so
b7776000-b7777000 rw-p 00000000 00:00 0 
b7777000-b7778000 r--p 00000000 00:00 0 
b7778000-b7783000 r-xp 00000000 08:12 1448039    /usr/lib/jvm/java-9-openjdk-i386/lib/i386/libverify.so
b7783000-b7784000 ---p 0000b000 08:12 1448039    /usr/lib/jvm/java-9-openjdk-i386/lib/i386/libverify.so
b7784000-b7785000 r--p 0000b000 08:12 1448039    /usr/lib/jvm/java-9-openjdk-i386/lib/i386/libverify.so
b7785000-b7786000 rw-p 0000c000 08:12 1448039    /usr/lib/jvm/java-9-openjdk-i386/lib/i386/libverify.so
b7786000-b7794000 r-xp 00000000 08:12 1448073    /usr/lib/jvm/java-9-openjdk-i386/lib/i386/jli/libjli.so
b7794000-b7795000 r--p 0000d000 08:12 1448073    /usr/lib/jvm/java-9-openjdk-i386/lib/i386/jli/libjli.so
b7795000-b7796000 rw-p 0000e000 08:12 1448073    /usr/lib/jvm/java-9-openjdk-i386/lib/i386/jli/libjli.so
b7796000-b7798000 rw-p 00000000 00:00 0 
b7798000-b779a000 r--p 00000000 00:00 0          [vvar]
b779a000-b779c000 r-xp 00000000 00:00 0          [vdso]
b779c000-b77be000 r-xp 00000000 08:12 23332297   /lib/i386-linux-gnu/ld-2.23.so
b77be000-b77bf000 rw-p 00000000 00:00 0 
b77bf000-b77c0000 r--p 00022000 08:12 23332297   /lib/i386-linux-gnu/ld-2.23.so
b77c0000-b77c1000 rw-p 00023000 08:12 23332297   /lib/i386-linux-gnu/ld-2.23.so
bfa61000-bfa62000 rwxp 00000000 00:00 0 
bfa95000-bfab6000 rw-p 00000000 00:00 0          [stack]

VM Arguments:
java_command: AutoDownloaderServer.jar
java_class_path (initial): AutoDownloaderServer.jar
Launcher Type: SUN_STANDARD

Environment Variables:
PATH=/usr/local/sbin:/usr/local/bin:/usr/sbin:/usr/bin:/sbin:/bin:/snap/bin
USERNAME=root
SHELL=/bin/bash
DISPLAY=:0

Signal Handlers:
SIGSEGV: [libjvm.so+0x9e08a0], sa_mask[0]=11111111011111111101111111111110, sa_flags=SA_RESTART|SA_SIGINFO
SIGBUS: [libjvm.so+0x9e08a0], sa_mask[0]=11111111011111111101111111111110, sa_flags=SA_RESTART|SA_SIGINFO
SIGFPE: [libjvm.so+0x9e08a0], sa_mask[0]=11111111011111111101111111111110, sa_flags=SA_RESTART|SA_SIGINFO
SIGPIPE: [libjvm.so+0x832630], sa_mask[0]=11111111011111111101111111111110, sa_flags=SA_RESTART|SA_SIGINFO
SIGXFSZ: [libjvm.so+0x832630], sa_mask[0]=11111111011111111101111111111110, sa_flags=SA_RESTART|SA_SIGINFO
SIGILL: [libjvm.so+0x9e08a0], sa_mask[0]=11111111011111111101111111111110, sa_flags=SA_RESTART|SA_SIGINFO
SIGUSR2: [libjvm.so+0x832460], sa_mask[0]=00000000000000000000000000000000, sa_flags=SA_RESTART|SA_SIGINFO
SIGHUP: [libjvm.so+0x8328a0], sa_mask[0]=11111111011111111101111111111110, sa_flags=SA_RESTART|SA_SIGINFO
SIGINT: [libjvm.so+0x8328a0], sa_mask[0]=11111111011111111101111111111110, sa_flags=SA_RESTART|SA_SIGINFO
SIGTERM: [libjvm.so+0x8328a0], sa_mask[0]=11111111011111111101111111111110, sa_flags=SA_RESTART|SA_SIGINFO
SIGQUIT: [libjvm.so+0x8328a0], sa_mask[0]=11111111011111111101111111111110, sa_flags=SA_RESTART|SA_SIGINFO


---------------  S Y S T E M  ---------------

OS:DISTRIB_ID=Ubuntu
DISTRIB_RELEASE=16.04
DISTRIB_CODENAME=xenial
DISTRIB_DESCRIPTION="Ubuntu 16.04.2 LTS"
uname:Linux 4.8.0-41-generic #44~16.04.1-Ubuntu SMP Fri Mar 3 17:11:03 UTC 2017 i686
libc:glibc 2.23 NPTL 2.23 
rlimit: STACK 8192k, CORE 0k, NPROC 64283, NOFILE 65536, AS infinity
load average:0,71 0,87 0,93

/proc/meminfo:
MemTotal:        8273068 kB
MemFree:          478472 kB
MemAvailable:    1096384 kB
Buffers:          131948 kB
Cached:          3457032 kB
SwapCached:        34440 kB
Active:          4670176 kB
Inactive:        2643348 kB
Active(anon):    3839028 kB
Inactive(anon):  2376520 kB
Active(file):     831148 kB
Inactive(file):   266828 kB
Unevictable:         104 kB
Mlocked:             104 kB
HighTotal:       7457496 kB
HighFree:         213856 kB
LowTotal:         815572 kB
LowFree:          264616 kB
SwapTotal:       7999484 kB
SwapFree:        7315996 kB
Dirty:               228 kB
Writeback:             0 kB
AnonPages:       3661048 kB
Mapped:           849380 kB
Shmem:           2491004 kB
Slab:             327516 kB
SReclaimable:     292880 kB
SUnreclaim:        34636 kB
KernelStack:        7640 kB
PageTables:        41288 kB
NFS_Unstable:          0 kB
Bounce:                0 kB
WritebackTmp:          0 kB
CommitLimit:    12136016 kB
Committed_AS:   14723268 kB
VmallocTotal:     122880 kB
VmallocUsed:           0 kB
VmallocChunk:          0 kB
AnonHugePages:   1454080 kB
ShmemHugePages:        0 kB
ShmemPmdMapped:        0 kB
CmaTotal:              0 kB
CmaFree:               0 kB
HugePages_Total:       0
HugePages_Free:        0
HugePages_Rsvd:        0
HugePages_Surp:        0
Hugepagesize:       2048 kB
DirectMap4k:      194552 kB
DirectMap2M:      718848 kB


CPU:total 4 (2 cores per cpu, 2 threads per core) family 6 model 42 stepping 7, cmov, cx8, fxsr, mmx, sse, sse2, sse3, ssse3, sse4.1, sse4.2, popcnt, avx, clmul, ht, tsc, tscinvbit

CPU Model and flags from /proc/cpuinfo:
model name	: Intel(R) Core(TM) i3-2120 CPU @ 3.30GHz
flags		: fpu vme de pse tsc msr pae mce cx8 apic sep mtrr pge mca cmov pat pse36 clflush dts acpi mmx fxsr sse sse2 ss ht tm pbe nx rdtscp lm constant_tsc arch_perfmon pebs bts xtopology nonstop_tsc aperfmperf eagerfpu pni pclmulqdq dtes64 monitor ds_cpl vmx est tm2 ssse3 cx16 xtpr pdcm pcid sse4_1 sse4_2 popcnt tsc_deadline_timer xsave avx lahf_lm epb tpr_shadow vnmi flexpriority ept vpid xsaveopt dtherm arat pln pts

Memory: 4k page, physical 8273068k(478472k free), swap 7999484k(7315996k free)

vm_info: OpenJDK Server VM (9-internal+0-2016-04-14-195526.buildd.src) for linux-x86 JRE (9-internal+0-2016-04-14-195526.buildd.src), built on Apr 14 2016 20:15:09 by "buildd" with gcc 5.3.1 20160413

END.
